# JRE version: OpenJDK Runtime Environment (14.0.1+7) (build 14.0.1+7)
# Java VM: OpenJDK 64-Bit Server VM (14.0.1+7, mixed mode, sharing, tiered, compressed oops, g1 gc, windows-amd64)
Heap:
 garbage-first heap   total 59392K, used 38415K [0x0000000602600000, 0x0000000800000000)
  region size 2048K, 6 young (12288K), 1 survivors (2048K)
 Metaspace       used 71782K, capacity 73424K, committed 73628K, reserved 1114112K
  class space    used 8794K, capacity 9390K, committed 9472K, reserved 1048576K
GC Heap History (20 events):
Event: 37.297 GC heap before
{Heap before GC invocations=31 (full 0):
 garbage-first heap   total 55296K, used 39047K [0x0000000602600000, 0x0000000800000000)
  region size 2048K, 6 young (12288K), 1 survivors (2048K)
 Metaspace       used 69874K, capacity 71416K, committed 71708K, reserved 1112064K
  class space    used 8666K, capacity 9263K, committed 9344K, reserved 1048576K
}
Event: 37.298 GC heap after
{Heap after GC invocations=32 (full 0):
 garbage-first heap   total 55296K, used 28869K [0x0000000602600000, 0x0000000800000000)
  region size 2048K, 1 young (2048K), 1 survivors (2048K)
 Metaspace       used 69874K, capacity 71416K, committed 71708K, reserved 1112064K
  class space    used 8666K, capacity 9263K, committed 9344K, reserved 1048576K
}
Event: 37.731 GC heap before
{Heap before GC invocations=32 (full 0):
 garbage-first heap   total 55296K, used 43205K [0x0000000602600000, 0x0000000800000000)
  region size 2048K, 8 young (16384K), 1 survivors (2048K)
 Metaspace       used 71180K, capacity 72860K, committed 73116K, reserved 1114112K
  class space    used 8777K, capacity 9378K, committed 9472K, reserved 1048576K
}
Event: 37.733 GC heap after
{Heap after GC invocations=33 (full 0):
 garbage-first heap   total 55296K, used 29066K [0x0000000602600000, 0x0000000800000000)
  region size 2048K, 1 young (2048K), 1 survivors (2048K)
 Metaspace       used 71180K, capacity 72860K, committed 73116K, reserved 1114112K
  class space    used 8777K, capacity 9378K, committed 9472K, reserved 1048576K
}
Event: 230.171 GC heap before
{Heap before GC invocations=34 (full 0):
 garbage-first heap   total 55296K, used 43402K [0x0000000602600000, 0x0000000800000000)
  region size 2048K, 8 young (16384K), 1 survivors (2048K)
 Metaspace       used 71541K, capacity 73210K, committed 73372K, reserved 1114112K
  class space    used 8781K, capacity 9384K, committed 9472K, reserved 1048576K
}
Event: 230.173 GC heap after
{Heap after GC invocations=35 (full 0):
 garbage-first heap   total 55296K, used 29499K [0x0000000602600000, 0x0000000800000000)
  region size 2048K, 1 young (2048K), 1 survivors (2048K)
 Metaspace       used 71541K, capacity 73210K, committed 73372K, reserved 1114112K
  class space    used 8781K, capacity 9384K, committed 9472K, reserved 1048576K
}
Event: 667.599 GC heap before
{Heap before GC invocations=35 (full 0):
 garbage-first heap   total 55296K, used 43835K [0x0000000602600000, 0x0000000800000000)
  region size 2048K, 8 young (16384K), 1 survivors (2048K)
 Metaspace       used 71575K, capacity 73211K, committed 73372K, reserved 1114112K
  class space    used 8781K, capacity 9384K, committed 9472K, reserved 1048576K
}
Event: 667.601 GC heap after
{Heap after GC invocations=36 (full 0):
 garbage-first heap   total 55296K, used 29511K [0x0000000602600000, 0x0000000800000000)
  region size 2048K, 1 young (2048K), 1 survivors (2048K)
 Metaspace       used 71575K, capacity 73211K, committed 73372K, reserved 1114112K
  class space    used 8781K, capacity 9384K, committed 9472K, reserved 1048576K
}
Event: 1109.246 GC heap before
{Heap before GC invocations=37 (full 0):
 garbage-first heap   total 59392K, used 43847K [0x0000000602600000, 0x0000000800000000)
  region size 2048K, 8 young (16384K), 1 survivors (2048K)
 Metaspace       used 71580K, capacity 73211K, committed 73372K, reserved 1114112K
  class space    used 8781K, capacity 9384K, committed 9472K, reserved 1048576K
}
Event: 1109.248 GC heap after
{Heap after GC invocations=38 (full 0):
 garbage-first heap   total 59392K, used 29485K [0x0000000602600000, 0x0000000800000000)
  region size 2048K, 1 young (2048K), 1 survivors (2048K)
 Metaspace       used 71580K, capacity 73211K, committed 73372K, reserved 1114112K
  class space    used 8781K, capacity 9384K, committed 9472K, reserved 1048576K
}
Event: 1676.789 GC heap before
{Heap before GC invocations=38 (full 0):
 garbage-first heap   total 59392K, used 47917K [0x0000000602600000, 0x0000000800000000)
  region size 2048K, 10 young (20480K), 1 survivors (2048K)
 Metaspace       used 71582K, capacity 73211K, committed 73372K, reserved 1114112K
  class space    used 8781K, capacity 9384K, committed 9472K, reserved 1048576K
}
Event: 1676.791 GC heap after
{Heap after GC invocations=39 (full 0):
 garbage-first heap   total 59392K, used 29469K [0x0000000602600000, 0x0000000800000000)
  region size 2048K, 1 young (2048K), 1 survivors (2048K)
 Metaspace       used 71582K, capacity 73211K, committed 73372K, reserved 1114112K
  class space    used 8781K, capacity 9384K, committed 9472K, reserved 1048576K
}
Event: 2199.596 GC heap before
{Heap before GC invocations=40 (full 0):
 garbage-first heap   total 59392K, used 47901K [0x0000000602600000, 0x0000000800000000)
  region size 2048K, 10 young (20480K), 1 survivors (2048K)
 Metaspace       used 71707K, capacity 73360K, committed 73628K, reserved 1114112K
  class space    used 8794K, capacity 9390K, committed 9472K, reserved 1048576K
}
Event: 2199.598 GC heap after
{Heap after GC invocations=41 (full 0):
 garbage-first heap   total 59392K, used 30017K [0x0000000602600000, 0x0000000800000000)
  region size 2048K, 1 young (2048K), 1 survivors (2048K)
 Metaspace       used 71707K, capacity 73360K, committed 73628K, reserved 1114112K
  class space    used 8794K, capacity 9390K, committed 9472K, reserved 1048576K
}
Event: 2763.261 GC heap before
{Heap before GC invocations=41 (full 0):
 garbage-first heap   total 59392K, used 48449K [0x0000000602600000, 0x0000000800000000)
  region size 2048K, 10 young (20480K), 1 survivors (2048K)
 Metaspace       used 71744K, capacity 73424K, committed 73628K, reserved 1114112K
  class space    used 8794K, capacity 9390K, committed 9472K, reserved 1048576K
}
Event: 2763.263 GC heap after
{Heap after GC invocations=42 (full 0):
 garbage-first heap   total 59392K, used 30038K [0x0000000602600000, 0x0000000800000000)
  region size 2048K, 1 young (2048K), 1 survivors (2048K)
 Metaspace       used 71744K, capacity 73424K, committed 73628K, reserved 1114112K
  class space    used 8794K, capacity 9390K, committed 9472K, reserved 1048576K
}
Event: 3329.197 GC heap before
{Heap before GC invocations=43 (full 0):
 garbage-first heap   total 59392K, used 48470K [0x0000000602600000, 0x0000000800000000)
  region size 2048K, 10 young (20480K), 1 survivors (2048K)
 Metaspace       used 71744K, capacity 73424K, committed 73628K, reserved 1114112K
  class space    used 8794K, capacity 9390K, committed 9472K, reserved 1048576K
}
Event: 3329.199 GC heap after
{Heap after GC invocations=44 (full 0):
 garbage-first heap   total 59392K, used 30034K [0x0000000602600000, 0x0000000800000000)
  region size 2048K, 1 young (2048K), 1 survivors (2048K)
 Metaspace       used 71744K, capacity 73424K, committed 73628K, reserved 1114112K
  class space    used 8794K, capacity 9390K, committed 9472K, reserved 1048576K
}
Event: 3857.783 GC heap before
{Heap before GC invocations=44 (full 0):
 garbage-first heap   total 59392K, used 48466K [0x0000000602600000, 0x0000000800000000)
  region size 2048K, 10 young (20480K), 1 survivors (2048K)
 Metaspace       used 71782K, capacity 73424K, committed 73628K, reserved 1114112K
  class space    used 8794K, capacity 9390K, committed 9472K, reserved 1048576K
}
Event: 3857.785 GC heap after
{Heap after GC invocations=45 (full 0):
 garbage-first heap   total 59392K, used 30223K [0x0000000602600000, 0x0000000800000000)
  region size 2048K, 1 young (2048K), 1 survivors (2048K)
 Metaspace       used 71782K, capacity 73424K, committed 73628K, reserved 1114112K
  class space    used 8794K, capacity 9390K, committed 9472K, reserved 1048576K
}

